<?xml version="1.0" encoding="UTF-8"?>
<!-- Generated by org.testng.reporters.JUnitReportReporter -->
<testsuite skipped="1" hostname="Samsu-PC" name="com.actitime.qa.testcases.TimeTrackTest" tests="2" failures="0" timestamp="28 Oct 2020 20:13:37 GMT" time="14.702" errors="0">
  <testcase name="createNewTaskTest" time="14.702" classname="com.actitime.qa.testcases.TimeTrackTest"/>
  <testcase name="TimeTrackePageTitleTest" classname="com.actitime.qa.testcases.TimeTrackTest">
    <skipped/>
  </testcase> <!-- TimeTrackePageTitleTest -->
</testsuite> <!-- com.actitime.qa.testcases.TimeTrackTest -->
