<?xml version="1.0" encoding="UTF-8"?>
<!-- Generated by org.testng.reporters.JUnitReportReporter -->
<testsuite skipped="2" hostname="DESKTOP-UHNMMSV" name="com.actitime.qa.testcases.TimeTrackTest" tests="3" failures="0" timestamp="17 Aug 2020 06:23:28 GMT" time="129.953" errors="1">
  <testcase name="setUp" time="129.950" classname="com.actitime.qa.testcases.TimeTrackTest">
    <error type="org.openqa.selenium.WebDriverException" message="unknown error: DevToolsActivePort file doesn&#039;t exist
Build info: version: &#039;3.14.0&#039;, revision: &#039;aacccce0&#039;, time: &#039;2018-08-02T20:19:58.91Z&#039;
System info: host: &#039;DESKTOP-UHNMMSV&#039;, ip: &#039;192.168.47.1&#039;, os.name: &#039;Windows 10&#039;, os.arch: &#039;amd64&#039;, os.version: &#039;10.0&#039;, java.version: &#039;1.8.0_111&#039;
Driver info: driver.version: ChromeDriver
remote stacktrace: Backtrace:
	Ordinal0 [0x01129563+2725219]
	Ordinal0 [0x01028551+1672529]
	Ordinal0 [0x00F10359+525145]
	Ordinal0 [0x00EA01A9+65961]
	Ordinal0 [0x00E9D2A8+53928]
	Ordinal0 [0x00EBCC37+183351]
	Ordinal0 [0x00EBCA3D+182845]
	Ordinal0 [0x00EBA94B+174411]
	Ordinal0 [0x00EA2528+75048]
	Ordinal0 [0x00EA35A0+79264]
	Ordinal0 [0x00EA3539+79161]
	Ordinal0 [0x0103D607+1758727]
	GetHandleVerifier [0x01246546+1050150]
	GetHandleVerifier [0x01246291+1049457]
	GetHandleVerifier [0x012510D7+1094071]
	GetHandleVerifier [0x01246B46+1051686]
	Ordinal0 [0x01035B06+1727238]
	Ordinal0 [0x0103EB7B+1764219]
	Ordinal0 [0x0103ECE3+1764579]
	Ordinal0 [0x01054C05+1854469]
	BaseThreadInitThunk [0x76E88494+36]
	RtlAreBitsSet [0x772541C8+136]
	RtlAreBitsSet [0x77254198+88]
">
      <![CDATA[org.openqa.selenium.WebDriverException: unknown error: DevToolsActivePort file doesn't exist
Build info: version: '3.14.0', revision: 'aacccce0', time: '2018-08-02T20:19:58.91Z'
System info: host: 'DESKTOP-UHNMMSV', ip: '192.168.47.1', os.name: 'Windows 10', os.arch: 'amd64', os.version: '10.0', java.version: '1.8.0_111'
Driver info: driver.version: ChromeDriver
remote stacktrace: Backtrace:
	Ordinal0 [0x01129563+2725219]
	Ordinal0 [0x01028551+1672529]
	Ordinal0 [0x00F10359+525145]
	Ordinal0 [0x00EA01A9+65961]
	Ordinal0 [0x00E9D2A8+53928]
	Ordinal0 [0x00EBCC37+183351]
	Ordinal0 [0x00EBCA3D+182845]
	Ordinal0 [0x00EBA94B+174411]
	Ordinal0 [0x00EA2528+75048]
	Ordinal0 [0x00EA35A0+79264]
	Ordinal0 [0x00EA3539+79161]
	Ordinal0 [0x0103D607+1758727]
	GetHandleVerifier [0x01246546+1050150]
	GetHandleVerifier [0x01246291+1049457]
	GetHandleVerifier [0x012510D7+1094071]
	GetHandleVerifier [0x01246B46+1051686]
	Ordinal0 [0x01035B06+1727238]
	Ordinal0 [0x0103EB7B+1764219]
	Ordinal0 [0x0103ECE3+1764579]
	Ordinal0 [0x01054C05+1854469]
	BaseThreadInitThunk [0x76E88494+36]
	RtlAreBitsSet [0x772541C8+136]
	RtlAreBitsSet [0x77254198+88]

	at sun.reflect.NativeConstructorAccessorImpl.newInstance0(Native Method)
	at sun.reflect.NativeConstructorAccessorImpl.newInstance(Unknown Source)
	at sun.reflect.DelegatingConstructorAccessorImpl.newInstance(Unknown Source)
	at java.lang.reflect.Constructor.newInstance(Unknown Source)
	at org.openqa.selenium.remote.W3CHandshakeResponse.lambda$new$0(W3CHandshakeResponse.java:57)
	at org.openqa.selenium.remote.W3CHandshakeResponse.lambda$getResponseFunction$2(W3CHandshakeResponse.java:104)
	at org.openqa.selenium.remote.ProtocolHandshake.lambda$createSession$0(ProtocolHandshake.java:122)
	at java.util.stream.ReferencePipeline$3$1.accept(Unknown Source)
	at java.util.Spliterators$ArraySpliterator.tryAdvance(Unknown Source)
	at java.util.stream.ReferencePipeline.forEachWithCancel(Unknown Source)
	at java.util.stream.AbstractPipeline.copyIntoWithCancel(Unknown Source)
	at java.util.stream.AbstractPipeline.copyInto(Unknown Source)
	at java.util.stream.AbstractPipeline.wrapAndCopyInto(Unknown Source)
	at java.util.stream.FindOps$FindOp.evaluateSequential(Unknown Source)
	at java.util.stream.AbstractPipeline.evaluate(Unknown Source)
	at java.util.stream.ReferencePipeline.findFirst(Unknown Source)
	at org.openqa.selenium.remote.ProtocolHandshake.createSession(ProtocolHandshake.java:125)
	at org.openqa.selenium.remote.ProtocolHandshake.createSession(ProtocolHandshake.java:73)
	at org.openqa.selenium.remote.HttpCommandExecutor.execute(HttpCommandExecutor.java:136)
	at org.openqa.selenium.remote.service.DriverCommandExecutor.execute(DriverCommandExecutor.java:83)
	at org.openqa.selenium.remote.RemoteWebDriver.execute(RemoteWebDriver.java:548)
	at org.openqa.selenium.remote.RemoteWebDriver.startSession(RemoteWebDriver.java:212)
	at org.openqa.selenium.remote.RemoteWebDriver.<init>(RemoteWebDriver.java:130)
	at org.openqa.selenium.chrome.ChromeDriver.<init>(ChromeDriver.java:181)
	at org.openqa.selenium.chrome.ChromeDriver.<init>(ChromeDriver.java:168)
	at org.openqa.selenium.chrome.ChromeDriver.<init>(ChromeDriver.java:123)
	at com.actitime.qa.base.TestBase.initialization(TestBase.java:44)
	at com.actitime.qa.testcases.TimeTrackTest.setUp(TimeTrackTest.java:27)
	at sun.reflect.NativeMethodAccessorImpl.invoke0(Native Method)
	at sun.reflect.NativeMethodAccessorImpl.invoke(Unknown Source)
	at sun.reflect.DelegatingMethodAccessorImpl.invoke(Unknown Source)
	at java.lang.reflect.Method.invoke(Unknown Source)
	at org.testng.internal.MethodInvocationHelper.invokeMethod(MethodInvocationHelper.java:108)
	at org.testng.internal.Invoker.invokeConfigurationMethod(Invoker.java:523)
	at org.testng.internal.Invoker.invokeConfigurations(Invoker.java:224)
	at org.testng.internal.Invoker.invokeMethod(Invoker.java:599)
	at org.testng.internal.Invoker.invokeTestMethod(Invoker.java:869)
	at org.testng.internal.Invoker.invokeTestMethods(Invoker.java:1193)
	at org.testng.internal.TestMethodWorker.invokeTestMethods(TestMethodWorker.java:126)
	at org.testng.internal.TestMethodWorker.run(TestMethodWorker.java:109)
	at org.testng.TestRunner.privateRun(TestRunner.java:744)
	at org.testng.TestRunner.run(TestRunner.java:602)
	at org.testng.SuiteRunner.runTest(SuiteRunner.java:380)
	at org.testng.SuiteRunner.runSequentially(SuiteRunner.java:375)
	at org.testng.SuiteRunner.privateRun(SuiteRunner.java:340)
	at org.testng.SuiteRunner.run(SuiteRunner.java:289)
	at org.testng.SuiteRunnerWorker.runSuite(SuiteRunnerWorker.java:52)
	at org.testng.SuiteRunnerWorker.run(SuiteRunnerWorker.java:86)
	at org.testng.TestNG.runSuitesSequentially(TestNG.java:1301)
	at org.testng.TestNG.runSuitesLocally(TestNG.java:1226)
	at org.testng.TestNG.runSuites(TestNG.java:1144)
	at org.testng.TestNG.run(TestNG.java:1115)
	at org.testng.remote.AbstractRemoteTestNG.run(AbstractRemoteTestNG.java:114)
	at org.testng.remote.RemoteTestNG.initAndRun(RemoteTestNG.java:251)
	at org.testng.remote.RemoteTestNG.main(RemoteTestNG.java:77)
]]>
    </error>
  </testcase> <!-- setUp -->
  <testcase name="createNewTaskTest" time="0.003" classname="com.actitime.qa.testcases.TimeTrackTest">
    <skipped/>
  </testcase> <!-- createNewTaskTest -->
  <testcase name="TimeTrackePageTitleTest" classname="com.actitime.qa.testcases.TimeTrackTest">
    <skipped/>
  </testcase> <!-- TimeTrackePageTitleTest -->
</testsuite> <!-- com.actitime.qa.testcases.TimeTrackTest -->
