<?xml version="1.0" encoding="UTF-8"?>
<!-- Generated by org.testng.reporters.JUnitReportReporter -->
<testsuite skipped="0" hostname="Samsu-PC" name="com.actitime.qa.testcases.LoginPageTest" tests="8" failures="0" timestamp="18 Aug 2020 20:25:46 GMT" time="117.451" errors="0">
  <testcase name="loginPageTitleTest" time="19.078" classname="com.actitime.qa.testcases.LoginPageTest"/>
  <testcase name="actiTimeLogoAndProdNameTest" time="13.569" classname="com.actitime.qa.testcases.LoginPageTest"/>
  <testcase name="loginTest" time="18.971" classname="com.actitime.qa.testcases.LoginPageTest"/>
  <testcase name="forgotPwdLinkTest" time="15.833" classname="com.actitime.qa.testcases.LoginPageTest"/>
  <testcase name="KeepMeLoggedInTest" time="12.259" classname="com.actitime.qa.testcases.LoginPageTest"/>
  <testcase name="checkBoxTest" time="14.941" classname="com.actitime.qa.testcases.LoginPageTest"/>
  <testcase name="copyRightTest" time="9.591" classname="com.actitime.qa.testcases.LoginPageTest"/>
  <testcase name="versionTest" time="13.209" classname="com.actitime.qa.testcases.LoginPageTest"/>
</testsuite> <!-- com.actitime.qa.testcases.LoginPageTest -->
