<?xml version="1.0" encoding="UTF-8"?>
<!-- Generated by org.testng.reporters.JUnitReportReporter -->
<testsuite skipped="0" hostname="Samsu-PC" name="com.actitime.qa.util.ggg" tests="1" failures="0" timestamp="05 Apr 2021 23:42:12 GMT" time="0.056" errors="0">
  <testcase name="run" time="0.056" classname="com.actitime.qa.util.ggg"/>
</testsuite> <!-- com.actitime.qa.util.ggg -->
