<?xml version="1.0" encoding="UTF-8"?>
<!-- Generated by org.testng.reporters.JUnitReportReporter -->
<testsuite skipped="0" hostname="Samsu-PC" name="com.actitime.qa.testcases.UsersPageTest" tests="1" failures="0" timestamp="06 Apr 2021 17:14:02 GMT" time="34.599" errors="0">
  <testcase name="createNewUserTest" time="34.599" classname="com.actitime.qa.testcases.UsersPageTest"/>
</testsuite> <!-- com.actitime.qa.testcases.UsersPageTest -->
