<?xml version="1.0" encoding="UTF-8"?>
<!-- Generated by org.testng.reporters.JUnitReportReporter -->
<testsuite skipped="0" hostname="Samsu-PC" name="com.actitime.qa.testcases.UsersPageTest" tests="1" failures="0" timestamp="28 Oct 2020 20:13:06 GMT" time="31.622" errors="0">
  <testcase name="createNewUserTest" time="31.622" classname="com.actitime.qa.testcases.UsersPageTest"/>
</testsuite> <!-- com.actitime.qa.testcases.UsersPageTest -->
