<?xml version="1.0" encoding="UTF-8"?>
<!-- Generated by org.testng.reporters.JUnitReportReporter -->
<testsuite skipped="0" hostname="Samsu-PC" name="com.actitime.qa.testcases.UsersPageTest" tests="1" failures="0" timestamp="23 Aug 2020 20:13:37 GMT" time="27.244" errors="0">
  <testcase name="createNewUserTest" time="27.244" classname="com.actitime.qa.testcases.UsersPageTest"/>
</testsuite> <!-- com.actitime.qa.testcases.UsersPageTest -->
