<?xml version="1.0" encoding="UTF-8"?>
<!-- Generated by org.testng.reporters.JUnitReportReporter -->
<testsuite skipped="0" hostname="DESKTOP-UHNMMSV" name="com.actitime.qa.testcases.LoginPageTest" tests="8" failures="0" timestamp="13 Aug 2020 06:17:54 GMT" time="149.982" errors="0">
  <testcase name="loginPageTitleTest" time="14.548" classname="com.actitime.qa.testcases.LoginPageTest"/>
  <testcase name="actiTimeLogoAndProdNameTest" time="17.232" classname="com.actitime.qa.testcases.LoginPageTest"/>
  <testcase name="loginTest" time="19.203" classname="com.actitime.qa.testcases.LoginPageTest"/>
  <testcase name="forgotPwdLinkTest" time="15.675" classname="com.actitime.qa.testcases.LoginPageTest"/>
  <testcase name="KeepMeLoggedInTest" time="28.071" classname="com.actitime.qa.testcases.LoginPageTest"/>
  <testcase name="checkBoxTest" time="21.843" classname="com.actitime.qa.testcases.LoginPageTest"/>
  <testcase name="copyRightTest" time="20.350" classname="com.actitime.qa.testcases.LoginPageTest"/>
  <testcase name="versionTest" time="13.060" classname="com.actitime.qa.testcases.LoginPageTest"/>
</testsuite> <!-- com.actitime.qa.testcases.LoginPageTest -->
