<?xml version="1.0" encoding="UTF-8"?>
<!-- Generated by org.testng.reporters.JUnitReportReporter -->
<testsuite skipped="1" hostname="DESKTOP-UHNMMSV" name="com.actitime.qa.testcases.TimeTrackTest" tests="2" failures="0" timestamp="13 Aug 2020 08:39:26 GMT" time="42.158" errors="0">
  <testcase name="createNewTaskTest" time="42.158" classname="com.actitime.qa.testcases.TimeTrackTest"/>
  <testcase name="TimeTrackePageTitleTest" classname="com.actitime.qa.testcases.TimeTrackTest">
    <skipped/>
  </testcase> <!-- TimeTrackePageTitleTest -->
</testsuite> <!-- com.actitime.qa.testcases.TimeTrackTest -->
