<?xml version="1.0" encoding="UTF-8"?>
<!-- Generated by org.testng.reporters.JUnitReportReporter -->
<testsuite skipped="0" hostname="Samsu-PC" name="com.actitime.qa.testcases.ggg" tests="1" failures="0" timestamp="05 Apr 2021 23:43:11 GMT" time="0.052" errors="0">
  <testcase name="run" time="0.052" classname="com.actitime.qa.testcases.ggg"/>
</testsuite> <!-- com.actitime.qa.testcases.ggg -->
