<?xml version="1.0" encoding="UTF-8"?>
<!-- Generated by org.testng.reporters.JUnitReportReporter -->
<testsuite skipped="1" hostname="Samsu-PC" name="com.actitime.qa.testcases.TimeTrackTest" tests="2" failures="0" timestamp="23 Aug 2020 20:30:22 GMT" time="16.262" errors="0">
  <testcase name="createNewTaskTest" time="16.262" classname="com.actitime.qa.testcases.TimeTrackTest"/>
  <testcase name="TimeTrackePageTitleTest" classname="com.actitime.qa.testcases.TimeTrackTest">
    <skipped/>
  </testcase> <!-- TimeTrackePageTitleTest -->
</testsuite> <!-- com.actitime.qa.testcases.TimeTrackTest -->
